<?xml version="1.0" encoding="UTF-8"?>
<!-- Generated by org.testng.reporters.JUnitReportReporter -->
<testsuite skipped="0" hostname="DESKTOP-1T2AMDB" name="qaclickacademy.DemoTest" tests="1" failures="0" timestamp="2020-04-19T10:57:59 IST" time="13.296" errors="0">
  <testcase name="Demo" time="13.296" classname="qaclickacademy.DemoTest"/>
</testsuite> <!-- qaclickacademy.DemoTest -->
