<?xml version="1.0" encoding="UTF-8"?>
<!-- Generated by org.testng.reporters.JUnitReportReporter -->
<testsuite skipped="0" hostname="DESKTOP-1T2AMDB" name="POMTestCases.Loginapplication" tests="1" failures="0" timestamp="2020-04-25T19:20:34 IST" time="8.904" errors="0">
  <testcase name="login" time="8.904" classname="POMTestCases.Loginapplication"/>
  <system-out/>
</testsuite> <!-- POMTestCases.Loginapplication -->
