<?xml version="1.0" encoding="UTF-8"?>
<!-- Generated by org.testng.reporters.JUnitReportReporter -->
<testsuite hostname="DESKTOP-1T2AMDB" failures="0" tests="1" name="qaclickacademy.DropDown" time="37.342" errors="0" timestamp="2020-04-12T20:56:01 IST" skipped="0">
  <testcase classname="qaclickacademy.DropDown" name="DropDowntest" time="37.342"/>
</testsuite> <!-- qaclickacademy.DropDown -->
