<?xml version="1.0" encoding="UTF-8"?>
<!-- Generated by org.testng.reporters.JUnitReportReporter -->
<testsuite hostname="DESKTOP-1T2AMDB" failures="0" tests="1" name="qaclickacademy.SpicejetFilightSearchWithCurrentDate" time="43.634" errors="0" timestamp="2020-04-12T20:57:34 IST" skipped="0">
  <testcase classname="qaclickacademy.SpicejetFilightSearchWithCurrentDate" name="SpicejetFilightSearchWithCurrentDatetest" time="43.634"/>
</testsuite> <!-- qaclickacademy.SpicejetFilightSearchWithCurrentDate -->
