<?xml version="1.0" encoding="UTF-8"?>
<!-- Generated by org.testng.reporters.JUnitReportReporter -->
<testsuite hostname="DESKTOP-1T2AMDB" failures="0" tests="1" name="qaclickacademy.DynamicDropDownTest" time="18.419" errors="0" timestamp="2020-04-18T09:47:36 IST" skipped="0">
  <testcase classname="qaclickacademy.DynamicDropDownTest" name="DynamicDropDown" time="18.419"/>
</testsuite> <!-- qaclickacademy.DynamicDropDownTest -->
