<?xml version="1.0" encoding="UTF-8"?>
<!-- Generated by org.testng.reporters.JUnitReportReporter -->
<testsuite hostname="DESKTOP-1T2AMDB" failures="0" tests="1" name="qaclickacademy.UptimizedAddToCartTest" time="40.548" errors="0" timestamp="2020-04-18T09:47:36 IST" skipped="0">
  <testcase classname="qaclickacademy.UptimizedAddToCartTest" name="UptimizedAddToCart" time="40.548"/>
</testsuite> <!-- qaclickacademy.UptimizedAddToCartTest -->
